Sencha Cmd 6.0.2.14 - Crash report
================================================
An error occurred while executing the following command: build

Diagnostic information:
=======================
                    buildenvironment.dir : Y:\Development\WorkspaceMars\parroquia\recibos\recibosWeb
               buildenvironment.load.dir : Y:\Development\WorkspaceMars\parroquia\recibos\recibosWeb
                          cmd.config.dir : C:\Users\fmerino\bin\Sencha\Cmd\6.0.2.14          
                                 cmd.dir : C:\Users\fmerino\bin\Sencha\Cmd\6.0.2.14          
                            cmd.jvm.args : -Xms128m -Xmx1024m -Dapple.awt.UIElement=true     
              cmd.merge.tool.args.araxis : -wait -merge -3 -a1 {base} {user} {generated} {out}
              cmd.merge.tool.args.kdiff3 : {base} {user} {generated} -o {out}                
             cmd.merge.tool.args.p4merge : {base} {user} {generated} {out}                   
           cmd.merge.tool.args.smartsync : {user} {generated} {base}                         
          cmd.merge.tool.args.sourcegear : --merge --result={out} {user} {base} {generated}  
            cmd.merge.tool.args.tortoise : -base:{base} -theirs:{generated} -mine:{user} -merged:{out}
                              cmd.minver : 3.0.0.0                                           
                            cmd.platform : windows                                           
                         cmd.server.port : 1841                                              
                     cmd.unicode.escapes : C:\Users\fmerino\bin\Sencha\Cmd\6.0.2.14/unicode-escapes.json
                             cmd.version : 6.0.2.14                                          
                            cmd.web.port : 1841                                              
                                 ext.dir : Y:\Development\WorkspaceMars\parroquia\recibos\recibosWeb/ext
                       inspector.address : http://localhost:1839/                            
                          repo.local.dir : C:\Users\fmerino\bin\Sencha\Cmd\repo              
        system.java.net.useSystemProxies : true                                              
                          workspace.apps : recibosWeb                                        
                        workspace.apps.0 : recibosWeb                                        
                   workspace.apps.length : 1                                                 
                     workspace.build.dir : Y:\Development\WorkspaceMars\parroquia\recibos\recibosWeb/build
                   workspace.cmd.version : 6.0.2.14                                          
                    workspace.config.dir : Y:\Development\WorkspaceMars\parroquia\recibos\recibosWeb\.sencha\workspace
                           workspace.dir : Y:\Development\WorkspaceMars\parroquia\recibos\recibosWeb
                  workspace.packages.dir : Y:\Development\WorkspaceMars\parroquia\recibos\recibosWeb/packages/local,Y:\Development\WorkspaceMars\parroquia\recibos\recibosWeb/packages
              workspace.packages.extract : Y:\Development\WorkspaceMars\parroquia\recibos\recibosWeb/packages/remote
                     workspace.theme.dir : Y:\Development\WorkspaceMars\parroquia\recibos\recibosWeb/packages/local,Y:\Development\WorkspaceMars\parroquia\recibos\recibosWeb/packages/${args.themeName}

Exception information:
=======================
java.lang.NullPointerException
     at java.io.File.<init>(Unknown Source)
     at com.sencha.util.FileUtil.readFile(FileUtil.java:157)
     at com.sencha.tools.compiler.jsb.projects.JsbBuilder.processBuild(JsbBuilder.java:29)
     at com.sencha.command.build.JsbCommand.execute(JsbCommand.java:15)
     at sun.reflect.NativeMethodAccessorImpl.invoke0(Native Method)
     at sun.reflect.NativeMethodAccessorImpl.invoke(Unknown Source)
     at sun.reflect.DelegatingMethodAccessorImpl.invoke(Unknown Source)
     at java.lang.reflect.Method.invoke(Unknown Source)
     at com.sencha.util.MethodInvoker$Arguments.invoke(MethodInvoker.java:175)
     at com.sencha.cli.Command.dispatch(Command.java:43)
     at com.sencha.cli.Commands.dispatch(Commands.java:64)
     at com.sencha.command.Sencha.dispatch(Sencha.java:74)
     at com.sencha.command.Sencha.main(Sencha.java:142)
     at sun.reflect.NativeMethodAccessorImpl.invoke0(Native Method)
     at sun.reflect.NativeMethodAccessorImpl.invoke(Unknown Source)
     at sun.reflect.DelegatingMethodAccessorImpl.invoke(Unknown Source)
     at java.lang.reflect.Method.invoke(Unknown Source)
     at com.exe4j.runtime.LauncherEngine.launch(Unknown Source)
     at com.exe4j.runtime.WinLauncher.main(Unknown Source)
     at com.install4j.runtime.launcher.WinLauncher.main(Unknown Source)

